<?xml version="1.0" encoding="UTF-8"?>
<testsuite xmlns:xsi="http://www.w3.org/2001/XMLSchema-instance" xsi:noNamespaceSchemaLocation="https://maven.apache.org/surefire/maven-surefire-plugin/xsd/surefire-test-report.xsd" name="com.crmly.runners.CukesRunner" time="284.475" tests="14" errors="2" skipped="0" failures="0">
  <properties>
[...]
</properties>
  <testcase name="Verify that txt file from local disks should be uploaded" classname="Sending Announcement" time="18.52"/>
  <testcase name="Verify that mp3 file from local disks should be uploaded" classname="Sending Announcement" time="21.01"/>
  <testcase name="Verify that mp4 file from local disks should be uploaded" classname="Sending Announcement" time="17.628"/>
  <testcase name="Verify that 0 byte file from local disks should be uploaded" classname="Sending Announcement" time="16.415"/>
  <testcase name="Verify that 100 Mb file from local disks should be uploaded" classname="Sending Announcement" time="16.203"/>
  <testcase name="Verify that No_extension file from local disks should be uploaded" classname="Sending Announcement" time="15.975"/>
  <testcase name="Verify that users should be added by selecting multiple contacts from Employees and Departments contact lists" classname="Sending Announcement" time="14.074"/>
  <testcase name="Verify that user shouldn&apos;t be able to add contact by manually that doesn&apos;t exist Employees and Departments contact lists." classname="Sending Announcement" time="21.187"/>
  <testcase name="Verify that send announcement with content to at least one person" classname="Sending Announcement" time="23.66"/>
  <testcase name="Verify that user shouldnt be able to send announcement without content." classname="Sending Announcement" time="17.87"/>
  <testcase name="Verify that user shouldnt be able to send announcement without any contact." classname="Sending Announcement" time="14.245"/>
  <testcase name="Verify that insert videos by clicking on the video icon and entering the Youtube video URL." classname="Sending Announcement" time="37.574">
    <error message="no such element: Unable to locate element: {&quot;method&quot;:&quot;xpath&quot;,&quot;selector&quot;:&quot;//link[@href=&apos;https://www.youtube.com/watch?v=k-7jJP7QFEM&apos;]&quot;}&#10;  (Session info: chrome=96.0.4664.93)&#10;For documentation on this error, please visit: https://selenium.dev/exceptions/#no_such_element&#10;Build info: version: &apos;4.0.0&apos;, revision: &apos;3a21814679&apos;&#10;System info: host: &apos;MUSTAFAOZTURK&apos;, ip: &apos;192.168.1.85&apos;, os.name: &apos;Windows 10&apos;, os.arch: &apos;amd64&apos;, os.version: &apos;10.0&apos;, java.version: &apos;11.0.13&apos;&#10;Driver info: org.openqa.selenium.chrome.ChromeDriver&#10;Command: [9a79e735cf95c91a1eaf8e0913b95012, findElement {using=xpath, value=//link[@href=&apos;https://www.youtube.com/watch?v=k-7jJP7QFEM&apos;]}]&#10;Capabilities {acceptInsecureCerts: false, browserName: chrome, browserVersion: 96.0.4664.93, chrome: {chromedriverVersion: 96.0.4664.45 (76e4c1bb2ab46..., userDataDir: C:\Users\Mustafa\AppData\Lo...}, goog:chromeOptions: {debuggerAddress: localhost:54761}, javascriptEnabled: true, networkConnectionEnabled: false, pageLoadStrategy: normal, platform: WINDOWS, platformName: WINDOWS, proxy: Proxy(), se:cdp: ws://localhost:54761/devtoo..., se:cdpVersion: 96.0.4664.93, setWindowRect: true, strictFileInteractability: false, timeouts: {implicit: 0, pageLoad: 300000, script: 30000}, unhandledPromptBehavior: dismiss and notify, webauthn:extension:credBlob: true, webauthn:extension:largeBlob: true, webauthn:virtualAuthenticators: true}&#10;Session ID: 9a79e735cf95c91a1eaf8e0913b95012" type="org.openqa.selenium.NoSuchElementException">org.openqa.selenium.NoSuchElementException: 
no such element: Unable to locate element: {"method":"xpath","selector":"//link[@href='https://www.youtube.com/watch?v=k-7jJP7QFEM']"}
  (Session info: chrome=96.0.4664.93)
For documentation on this error, please visit: https://selenium.dev/exceptions/#no_such_element
Build info: version: '4.0.0', revision: '3a21814679'
System info: host: 'MUSTAFAOZTURK', ip: '192.168.1.85', os.name: 'Windows 10', os.arch: 'amd64', os.version: '10.0', java.version: '11.0.13'
Driver info: org.openqa.selenium.chrome.ChromeDriver
Command: [9a79e735cf95c91a1eaf8e0913b95012, findElement {using=xpath, value=//link[@href='https://www.youtube.com/watch?v=k-7jJP7QFEM']}]
Capabilities {acceptInsecureCerts: false, browserName: chrome, browserVersion: 96.0.4664.93, chrome: {chromedriverVersion: 96.0.4664.45 (76e4c1bb2ab46..., userDataDir: C:\Users\Mustafa\AppData\Lo...}, goog:chromeOptions: {debuggerAddress: localhost:54761}, javascriptEnabled: true, networkConnectionEnabled: false, pageLoadStrategy: normal, platform: WINDOWS, platformName: WINDOWS, proxy: Proxy(), se:cdp: ws://localhost:54761/devtoo..., se:cdpVersion: 96.0.4664.93, setWindowRect: true, strictFileInteractability: false, timeouts: {implicit: 0, pageLoad: 300000, script: 30000}, unhandledPromptBehavior: dismiss and notify, webauthn:extension:credBlob: true, webauthn:extension:largeBlob: true, webauthn:virtualAuthenticators: true}
Session ID: 9a79e735cf95c91a1eaf8e0913b95012
</error>
    <system-err><![CDATA[Starting ChromeDriver 96.0.4664.45 (76e4c1bb2ab4671b8beba3444e61c0f17584b2fc-refs/branch-heads/4664@{#947}) on port 52928
Only local connections are allowed.
Please see https://chromedriver.chromium.org/security-considerations for suggestions on keeping ChromeDriver safe.
ChromeDriver was started successfully.
Dec 08, 2021 12:09:25 PM org.openqa.selenium.remote.ProtocolHandshake createSession
INFO: Detected dialect: W3C
Dec 08, 2021 12:09:25 PM org.openqa.selenium.devtools.CdpVersionFinder findNearestMatch
WARNING: Unable to find an exact match for CDP version 96, so returning the closest version found: 95
Dec 08, 2021 12:09:25 PM org.openqa.selenium.devtools.CdpVersionFinder findNearestMatch
INFO: Found CDP implementation for version 96 of 95
]]></system-err>
  </testcase>
  <testcase name="Verify that insert videos by clicking on the video icon and entering the Vimeo video URL." classname="Sending Announcement" time="37.345">
    <error message="no such element: Unable to locate element: {&quot;method&quot;:&quot;xpath&quot;,&quot;selector&quot;:&quot;//link[@href=&apos;https://vimeo.com/26&apos;]&quot;}&#10;  (Session info: chrome=96.0.4664.93)&#10;For documentation on this error, please visit: https://selenium.dev/exceptions/#no_such_element&#10;Build info: version: &apos;4.0.0&apos;, revision: &apos;3a21814679&apos;&#10;System info: host: &apos;MUSTAFAOZTURK&apos;, ip: &apos;192.168.1.85&apos;, os.name: &apos;Windows 10&apos;, os.arch: &apos;amd64&apos;, os.version: &apos;10.0&apos;, java.version: &apos;11.0.13&apos;&#10;Driver info: org.openqa.selenium.chrome.ChromeDriver&#10;Command: [461b035d75fc9aea032ddd2c297dddd9, findElement {using=xpath, value=//link[@href=&apos;https://vimeo.com/26&apos;]}]&#10;Capabilities {acceptInsecureCerts: false, browserName: chrome, browserVersion: 96.0.4664.93, chrome: {chromedriverVersion: 96.0.4664.45 (76e4c1bb2ab46..., userDataDir: C:\Users\Mustafa\AppData\Lo...}, goog:chromeOptions: {debuggerAddress: localhost:54805}, javascriptEnabled: true, networkConnectionEnabled: false, pageLoadStrategy: normal, platform: WINDOWS, platformName: WINDOWS, proxy: Proxy(), se:cdp: ws://localhost:54805/devtoo..., se:cdpVersion: 96.0.4664.93, setWindowRect: true, strictFileInteractability: false, timeouts: {implicit: 0, pageLoad: 300000, script: 30000}, unhandledPromptBehavior: dismiss and notify, webauthn:extension:credBlob: true, webauthn:extension:largeBlob: true, webauthn:virtualAuthenticators: true}&#10;Session ID: 461b035d75fc9aea032ddd2c297dddd9" type="org.openqa.selenium.NoSuchElementException">org.openqa.selenium.NoSuchElementException: 
no such element: Unable to locate element: {"method":"xpath","selector":"//link[@href='https://vimeo.com/26']"}
  (Session info: chrome=96.0.4664.93)
For documentation on this error, please visit: https://selenium.dev/exceptions/#no_such_element
Build info: version: '4.0.0', revision: '3a21814679'
System info: host: 'MUSTAFAOZTURK', ip: '192.168.1.85', os.name: 'Windows 10', os.arch: 'amd64', os.version: '10.0', java.version: '11.0.13'
Driver info: org.openqa.selenium.chrome.ChromeDriver
Command: [461b035d75fc9aea032ddd2c297dddd9, findElement {using=xpath, value=//link[@href='https://vimeo.com/26']}]
Capabilities {acceptInsecureCerts: false, browserName: chrome, browserVersion: 96.0.4664.93, chrome: {chromedriverVersion: 96.0.4664.45 (76e4c1bb2ab46..., userDataDir: C:\Users\Mustafa\AppData\Lo...}, goog:chromeOptions: {debuggerAddress: localhost:54805}, javascriptEnabled: true, networkConnectionEnabled: false, pageLoadStrategy: normal, platform: WINDOWS, platformName: WINDOWS, proxy: Proxy(), se:cdp: ws://localhost:54805/devtoo..., se:cdpVersion: 96.0.4664.93, setWindowRect: true, strictFileInteractability: false, timeouts: {implicit: 0, pageLoad: 300000, script: 30000}, unhandledPromptBehavior: dismiss and notify, webauthn:extension:credBlob: true, webauthn:extension:largeBlob: true, webauthn:virtualAuthenticators: true}
Session ID: 461b035d75fc9aea032ddd2c297dddd9
</error>
    <system-err><![CDATA[Starting ChromeDriver 96.0.4664.45 (76e4c1bb2ab4671b8beba3444e61c0f17584b2fc-refs/branch-heads/4664@{#947}) on port 50963
Only local connections are allowed.
Please see https://chromedriver.chromium.org/security-considerations for suggestions on keeping ChromeDriver safe.
ChromeDriver was started successfully.
Dec 08, 2021 12:10:03 PM org.openqa.selenium.remote.ProtocolHandshake createSession
INFO: Detected dialect: W3C
Dec 08, 2021 12:10:03 PM org.openqa.selenium.devtools.CdpVersionFinder findNearestMatch
WARNING: Unable to find an exact match for CDP version 96, so returning the closest version found: 95
Dec 08, 2021 12:10:03 PM org.openqa.selenium.devtools.CdpVersionFinder findNearestMatch
INFO: Found CDP implementation for version 96 of 95
]]></system-err>
  </testcase>
  <testcase name="Verify that user shouldn&apos;t be able to insert videos by clicking on the video icon and entering the invalid video URL." classname="Sending Announcement" time="11.599"/>
</testsuite>